0 info it worked if it ends with ok
1 verbose cli [ 'C:\\Program Files\\nodejs\\node.exe',
1 verbose cli   'C:\\Program Files\\nodejs\\node_modules\\npm\\bin\\npm-cli.js',
1 verbose cli   'install',
1 verbose cli   'zmq' ]
2 info using npm@3.8.6
3 info using node@v5.11.0
4 silly loadCurrentTree Starting
5 silly install loadCurrentTree
6 silly install readLocalPackageData
7 silly fetchPackageMetaData zmq
8 silly fetchNamedPackageData zmq
9 silly mapToRegistry name zmq
10 silly mapToRegistry using default registry
11 silly mapToRegistry registry https://registry.npmjs.org/
12 silly mapToRegistry data Result {
12 silly mapToRegistry   raw: 'zmq',
12 silly mapToRegistry   scope: null,
12 silly mapToRegistry   name: 'zmq',
12 silly mapToRegistry   rawSpec: '',
12 silly mapToRegistry   spec: 'latest',
12 silly mapToRegistry   type: 'tag' }
13 silly mapToRegistry uri https://registry.npmjs.org/zmq
14 verbose get https://registry.npmjs.org/zmq not expired, no request
15 silly install normalizeTree
16 silly loadCurrentTree Finishing
17 silly loadIdealTree Starting
18 silly install loadIdealTree
19 silly cloneCurrentTree Starting
20 silly install cloneCurrentTreeToIdealTree
21 silly cloneCurrentTree Finishing
22 silly loadShrinkwrap Starting
23 silly install loadShrinkwrap
24 silly loadShrinkwrap Finishing
25 silly loadAllDepsIntoIdealTree Starting
26 silly install loadAllDepsIntoIdealTree
27 silly resolveWithNewModule zmq@2.15.2 checking installable status
28 silly cache add args [ 'zmq', null ]
29 verbose cache add spec zmq
30 silly cache add parsed spec Result {
30 silly cache add   raw: 'zmq',
30 silly cache add   scope: null,
30 silly cache add   name: 'zmq',
30 silly cache add   rawSpec: '',
30 silly cache add   spec: 'latest',
30 silly cache add   type: 'tag' }
31 silly addNamed zmq@latest
32 verbose addNamed "latest" is being treated as a dist-tag for zmq
33 info addNameTag [ 'zmq', 'latest' ]
34 silly mapToRegistry name zmq
35 silly mapToRegistry using default registry
36 silly mapToRegistry registry https://registry.npmjs.org/
37 silly mapToRegistry data Result {
37 silly mapToRegistry   raw: 'zmq',
37 silly mapToRegistry   scope: null,
37 silly mapToRegistry   name: 'zmq',
37 silly mapToRegistry   rawSpec: '',
37 silly mapToRegistry   spec: 'latest',
37 silly mapToRegistry   type: 'tag' }
38 silly mapToRegistry uri https://registry.npmjs.org/zmq
39 verbose addNameTag registry:https://registry.npmjs.org/zmq not in flight; fetching
40 verbose get https://registry.npmjs.org/zmq not expired, no request
41 silly addNameTag next cb for zmq with tag latest
42 silly addNamed zmq@2.15.2
43 verbose addNamed "2.15.2" is a plain semver version for zmq
44 silly cache afterAdd zmq@2.15.2
45 verbose afterAdd C:\Users\patrick.rice\AppData\Roaming\npm-cache\zmq\2.15.2\package\package.json not in flight; writing
46 verbose correctMkdir C:\Users\patrick.rice\AppData\Roaming\npm-cache correctMkdir not in flight; initializing
47 verbose afterAdd C:\Users\patrick.rice\AppData\Roaming\npm-cache\zmq\2.15.2\package\package.json written
48 silly fetchNamedPackageData nan
49 silly mapToRegistry name nan
50 silly mapToRegistry using default registry
51 silly mapToRegistry registry https://registry.npmjs.org/
52 silly mapToRegistry data Result {
52 silly mapToRegistry   raw: 'nan',
52 silly mapToRegistry   scope: null,
52 silly mapToRegistry   name: 'nan',
52 silly mapToRegistry   rawSpec: '',
52 silly mapToRegistry   spec: 'latest',
52 silly mapToRegistry   type: 'tag' }
53 silly mapToRegistry uri https://registry.npmjs.org/nan
54 silly fetchNamedPackageData bindings
55 silly mapToRegistry name bindings
56 silly mapToRegistry using default registry
57 silly mapToRegistry registry https://registry.npmjs.org/
58 silly mapToRegistry data Result {
58 silly mapToRegistry   raw: 'bindings',
58 silly mapToRegistry   scope: null,
58 silly mapToRegistry   name: 'bindings',
58 silly mapToRegistry   rawSpec: '',
58 silly mapToRegistry   spec: 'latest',
58 silly mapToRegistry   type: 'tag' }
59 silly mapToRegistry uri https://registry.npmjs.org/bindings
60 verbose get https://registry.npmjs.org/nan not expired, no request
61 silly resolveWithNewModule nan@2.3.3 checking installable status
62 silly cache add args [ 'nan@~2.3.0', null ]
63 verbose cache add spec nan@~2.3.0
64 silly cache add parsed spec Result {
64 silly cache add   raw: 'nan@~2.3.0',
64 silly cache add   scope: null,
64 silly cache add   name: 'nan',
64 silly cache add   rawSpec: '~2.3.0',
64 silly cache add   spec: '>=2.3.0 <2.4.0',
64 silly cache add   type: 'range' }
65 silly addNamed nan@>=2.3.0 <2.4.0
66 verbose addNamed ">=2.3.0 <2.4.0" is a valid semver range for nan
67 silly addNameRange { name: 'nan', range: '>=2.3.0 <2.4.0', hasData: false }
68 silly mapToRegistry name nan
69 silly mapToRegistry using default registry
70 silly mapToRegistry registry https://registry.npmjs.org/
71 silly mapToRegistry data Result {
71 silly mapToRegistry   raw: 'nan',
71 silly mapToRegistry   scope: null,
71 silly mapToRegistry   name: 'nan',
71 silly mapToRegistry   rawSpec: '',
71 silly mapToRegistry   spec: 'latest',
71 silly mapToRegistry   type: 'tag' }
72 silly mapToRegistry uri https://registry.npmjs.org/nan
73 verbose addNameRange registry:https://registry.npmjs.org/nan not in flight; fetching
74 verbose get https://registry.npmjs.org/bindings not expired, no request
75 silly resolveWithNewModule bindings@1.2.1 checking installable status
76 silly cache add args [ 'bindings@~1.2.1', null ]
77 verbose cache add spec bindings@~1.2.1
78 silly cache add parsed spec Result {
78 silly cache add   raw: 'bindings@~1.2.1',
78 silly cache add   scope: null,
78 silly cache add   name: 'bindings',
78 silly cache add   rawSpec: '~1.2.1',
78 silly cache add   spec: '>=1.2.1 <1.3.0',
78 silly cache add   type: 'range' }
79 silly addNamed bindings@>=1.2.1 <1.3.0
80 verbose addNamed ">=1.2.1 <1.3.0" is a valid semver range for bindings
81 silly addNameRange { name: 'bindings', range: '>=1.2.1 <1.3.0', hasData: false }
82 silly mapToRegistry name bindings
83 silly mapToRegistry using default registry
84 silly mapToRegistry registry https://registry.npmjs.org/
85 silly mapToRegistry data Result {
85 silly mapToRegistry   raw: 'bindings',
85 silly mapToRegistry   scope: null,
85 silly mapToRegistry   name: 'bindings',
85 silly mapToRegistry   rawSpec: '',
85 silly mapToRegistry   spec: 'latest',
85 silly mapToRegistry   type: 'tag' }
86 silly mapToRegistry uri https://registry.npmjs.org/bindings
87 verbose addNameRange registry:https://registry.npmjs.org/bindings not in flight; fetching
88 verbose get https://registry.npmjs.org/nan not expired, no request
89 silly addNameRange number 2 { name: 'nan', range: '>=2.3.0 <2.4.0', hasData: true }
90 silly addNameRange versions [ 'nan',
90 silly addNameRange   [ '0.3.0-wip',
90 silly addNameRange     '0.3.0-wip2',
90 silly addNameRange     '0.3.0',
90 silly addNameRange     '0.3.1',
90 silly addNameRange     '0.3.2',
90 silly addNameRange     '0.4.0',
90 silly addNameRange     '0.4.1',
90 silly addNameRange     '0.4.2',
90 silly addNameRange     '0.4.3',
90 silly addNameRange     '0.4.4',
90 silly addNameRange     '0.5.0',
90 silly addNameRange     '0.5.1',
90 silly addNameRange     '0.5.2',
90 silly addNameRange     '0.6.0',
90 silly addNameRange     '0.7.0',
90 silly addNameRange     '0.7.1',
90 silly addNameRange     '0.8.0',
90 silly addNameRange     '1.0.0',
90 silly addNameRange     '1.1.0',
90 silly addNameRange     '1.1.1',
90 silly addNameRange     '1.1.2',
90 silly addNameRange     '1.2.0',
90 silly addNameRange     '1.3.0',
90 silly addNameRange     '1.4.0',
90 silly addNameRange     '1.4.1',
90 silly addNameRange     '1.5.0',
90 silly addNameRange     '1.4.2',
90 silly addNameRange     '1.4.3',
90 silly addNameRange     '1.5.1',
90 silly addNameRange     '1.5.2',
90 silly addNameRange     '1.6.0',
90 silly addNameRange     '1.5.3',
90 silly addNameRange     '1.6.1',
90 silly addNameRange     '1.6.2',
90 silly addNameRange     '1.7.0',
90 silly addNameRange     '1.8.0',
90 silly addNameRange     '1.8.1',
90 silly addNameRange     '1.8.2',
90 silly addNameRange     '1.8.3',
90 silly addNameRange     '1.8.4',
90 silly addNameRange     '1.9.0',
90 silly addNameRange     '2.0.0',
90 silly addNameRange     '2.0.1',
90 silly addNameRange     '2.0.2',
90 silly addNameRange     '2.0.3',
90 silly addNameRange     '2.0.4',
90 silly addNameRange     '2.0.5',
90 silly addNameRange     '2.0.6',
90 silly addNameRange     '2.0.7',
90 silly addNameRange     '2.0.8',
90 silly addNameRange     '2.0.9',
90 silly addNameRange     '2.1.0',
90 silly addNameRange     '2.2.0',
90 silly addNameRange     '2.2.1',
90 silly addNameRange     '2.3.0',
90 silly addNameRange     '2.3.1',
90 silly addNameRange     '2.3.2',
90 silly addNameRange     '2.3.3' ] ]
91 silly addNamed nan@2.3.3
92 verbose addNamed "2.3.3" is a plain semver version for nan
93 verbose get https://registry.npmjs.org/bindings not expired, no request
94 silly addNameRange number 2 { name: 'bindings', range: '>=1.2.1 <1.3.0', hasData: true }
95 silly addNameRange versions [ 'bindings',
95 silly addNameRange   [ '0.0.1',
95 silly addNameRange     '0.1.0',
95 silly addNameRange     '0.1.1',
95 silly addNameRange     '0.2.0',
95 silly addNameRange     '0.2.1',
95 silly addNameRange     '0.2.2',
95 silly addNameRange     '0.2.3',
95 silly addNameRange     '0.2.4',
95 silly addNameRange     '0.3.0',
95 silly addNameRange     '0.4.0',
95 silly addNameRange     '1.0.0',
95 silly addNameRange     '1.1.0',
95 silly addNameRange     '1.1.1',
95 silly addNameRange     '1.2.0',
95 silly addNameRange     '1.2.1' ] ]
96 silly addNamed bindings@1.2.1
97 verbose addNamed "1.2.1" is a plain semver version for bindings
98 silly cache afterAdd nan@2.3.3
99 verbose afterAdd C:\Users\patrick.rice\AppData\Roaming\npm-cache\nan\2.3.3\package\package.json not in flight; writing
100 verbose correctMkdir C:\Users\patrick.rice\AppData\Roaming\npm-cache correctMkdir not in flight; initializing
101 silly cache afterAdd bindings@1.2.1
102 verbose afterAdd C:\Users\patrick.rice\AppData\Roaming\npm-cache\bindings\1.2.1\package\package.json not in flight; writing
103 verbose correctMkdir C:\Users\patrick.rice\AppData\Roaming\npm-cache correctMkdir not in flight; initializing
104 verbose afterAdd C:\Users\patrick.rice\AppData\Roaming\npm-cache\nan\2.3.3\package\package.json written
105 verbose afterAdd C:\Users\patrick.rice\AppData\Roaming\npm-cache\bindings\1.2.1\package\package.json written
106 silly loadAllDepsIntoIdealTree Finishing
107 silly idealTree:prePrune dastybot@1.0.0
107 silly idealTree:prePrune +-- ansi-regex@2.0.0
107 silly idealTree:prePrune +-- ansi-styles@2.2.1
107 silly idealTree:prePrune +-- asn1@0.1.11
107 silly idealTree:prePrune +-- assert-plus@0.1.5
107 silly idealTree:prePrune +-- async@1.5.2
107 silly idealTree:prePrune +-- aws-sign2@0.5.0
107 silly idealTree:prePrune +-- balanced-match@0.3.0
107 silly idealTree:prePrune +-- bindings@1.2.1
107 silly idealTree:prePrune +-- bl@1.0.3
107 silly idealTree:prePrune | +-- isarray@1.0.0
107 silly idealTree:prePrune | `-- readable-stream@2.0.6
107 silly idealTree:prePrune +-- bluebird@2.10.2
107 silly idealTree:prePrune +-- boom@2.10.1
107 silly idealTree:prePrune +-- brace-expansion@1.1.3
107 silly idealTree:prePrune +-- bunyan@1.7.1
107 silly idealTree:prePrune +-- caseless@0.11.0
107 silly idealTree:prePrune +-- chalk@1.1.3
107 silly idealTree:prePrune +-- combined-stream@1.0.5
107 silly idealTree:prePrune +-- commander@2.9.0
107 silly idealTree:prePrune +-- concat-map@0.0.1
107 silly idealTree:prePrune +-- core-util-is@1.0.2
107 silly idealTree:prePrune +-- cron@1.0.9
107 silly idealTree:prePrune +-- cryptiles@2.0.5
107 silly idealTree:prePrune +-- ctype@0.5.3
107 silly idealTree:prePrune +-- delayed-stream@1.0.0
107 silly idealTree:prePrune +-- dtrace-provider@0.6.0
107 silly idealTree:prePrune +-- escape-string-regexp@1.0.5
107 silly idealTree:prePrune +-- extend@3.0.0
107 silly idealTree:prePrune +-- forever-agent@0.6.1
107 silly idealTree:prePrune +-- form-data@1.0.0-rc4
107 silly idealTree:prePrune +-- generate-function@2.0.0
107 silly idealTree:prePrune +-- generate-object-property@1.2.0
107 silly idealTree:prePrune +-- glob@6.0.4
107 silly idealTree:prePrune +-- graceful-readlink@1.0.1
107 silly idealTree:prePrune +-- har-validator@1.8.0
107 silly idealTree:prePrune +-- has-ansi@2.0.0
107 silly idealTree:prePrune +-- hawk@3.1.3
107 silly idealTree:prePrune +-- hoek@2.16.3
107 silly idealTree:prePrune +-- http-signature@0.11.0
107 silly idealTree:prePrune +-- inflight@1.0.4
107 silly idealTree:prePrune +-- inherits@2.0.1
107 silly idealTree:prePrune +-- irc-message@3.0.1
107 silly idealTree:prePrune +-- irc-prefix-parser@1.0.1
107 silly idealTree:prePrune +-- is-my-json-valid@2.13.1
107 silly idealTree:prePrune +-- is-property@1.0.2
107 silly idealTree:prePrune +-- isarray@0.0.1
107 silly idealTree:prePrune +-- iso8601-convert@1.0.0
107 silly idealTree:prePrune +-- isstream@0.1.2
107 silly idealTree:prePrune +-- json-stringify-safe@5.0.1
107 silly idealTree:prePrune +-- jsonfile@2.3.0
107 silly idealTree:prePrune +-- jsonpointer@2.0.0
107 silly idealTree:prePrune +-- locallydb@0.0.9
107 silly idealTree:prePrune | `-- underscore@1.8.3
107 silly idealTree:prePrune +-- mime-db@1.22.0
107 silly idealTree:prePrune +-- mime-types@2.1.10
107 silly idealTree:prePrune +-- minimatch@3.0.0
107 silly idealTree:prePrune +-- minimist@0.0.8
107 silly idealTree:prePrune +-- mkdirp@0.5.1
107 silly idealTree:prePrune +-- moment-timezone@0.3.1
107 silly idealTree:prePrune +-- moment@2.13.0
107 silly idealTree:prePrune +-- mv@2.1.1
107 silly idealTree:prePrune +-- nan@2.2.1
107 silly idealTree:prePrune +-- ncp@2.0.0
107 silly idealTree:prePrune +-- node-uuid@1.4.7
107 silly idealTree:prePrune +-- oauth-sign@0.8.1
107 silly idealTree:prePrune +-- once@1.3.3
107 silly idealTree:prePrune +-- options@0.0.6
107 silly idealTree:prePrune +-- path-is-absolute@1.0.0
107 silly idealTree:prePrune +-- process-nextick-args@1.0.6
107 silly idealTree:prePrune +-- qs@4.0.0
107 silly idealTree:prePrune +-- readable-stream@1.0.34
107 silly idealTree:prePrune +-- request@2.60.0
107 silly idealTree:prePrune +-- rimraf@2.4.5
107 silly idealTree:prePrune +-- safe-json-stringify@1.0.3
107 silly idealTree:prePrune +-- sntp@1.0.9
107 silly idealTree:prePrune +-- string_decoder@0.10.31
107 silly idealTree:prePrune +-- stringstream@0.0.5
107 silly idealTree:prePrune +-- strip-ansi@3.0.1
107 silly idealTree:prePrune +-- supports-color@2.0.0
107 silly idealTree:prePrune +-- through2@0.6.5
107 silly idealTree:prePrune +-- tmi.js@0.0.29
107 silly idealTree:prePrune +-- tough-cookie@2.2.2
107 silly idealTree:prePrune +-- tunnel-agent@0.4.2
107 silly idealTree:prePrune +-- ultron@1.0.2
107 silly idealTree:prePrune +-- underscore.string@3.1.1
107 silly idealTree:prePrune +-- underscore@1.8.3
107 silly idealTree:prePrune +-- util-deprecate@1.0.2
107 silly idealTree:prePrune +-- wrappy@1.0.1
107 silly idealTree:prePrune +-- ws@1.1.0
107 silly idealTree:prePrune +-- xtend@4.0.1
107 silly idealTree:prePrune `-- zmq@2.15.2
107 silly idealTree:prePrune   `-- nan@2.3.3
108 silly loadIdealTree Finishing
109 silly currentTree dastybot@1.0.0
109 silly currentTree +-- ansi-regex@2.0.0
109 silly currentTree +-- ansi-styles@2.2.1
109 silly currentTree +-- asn1@0.1.11
109 silly currentTree +-- assert-plus@0.1.5
109 silly currentTree +-- async@1.5.2
109 silly currentTree +-- aws-sign2@0.5.0
109 silly currentTree +-- balanced-match@0.3.0
109 silly currentTree +-- bl@1.0.3
109 silly currentTree | +-- isarray@1.0.0
109 silly currentTree | `-- readable-stream@2.0.6
109 silly currentTree +-- bluebird@2.10.2
109 silly currentTree +-- boom@2.10.1
109 silly currentTree +-- brace-expansion@1.1.3
109 silly currentTree +-- bunyan@1.7.1
109 silly currentTree +-- caseless@0.11.0
109 silly currentTree +-- chalk@1.1.3
109 silly currentTree +-- combined-stream@1.0.5
109 silly currentTree +-- commander@2.9.0
109 silly currentTree +-- concat-map@0.0.1
109 silly currentTree +-- core-util-is@1.0.2
109 silly currentTree +-- cron@1.0.9
109 silly currentTree +-- cryptiles@2.0.5
109 silly currentTree +-- ctype@0.5.3
109 silly currentTree +-- delayed-stream@1.0.0
109 silly currentTree +-- dtrace-provider@0.6.0
109 silly currentTree +-- escape-string-regexp@1.0.5
109 silly currentTree +-- extend@3.0.0
109 silly currentTree +-- forever-agent@0.6.1
109 silly currentTree +-- form-data@1.0.0-rc4
109 silly currentTree +-- generate-function@2.0.0
109 silly currentTree +-- generate-object-property@1.2.0
109 silly currentTree +-- glob@6.0.4
109 silly currentTree +-- graceful-readlink@1.0.1
109 silly currentTree +-- har-validator@1.8.0
109 silly currentTree +-- has-ansi@2.0.0
109 silly currentTree +-- hawk@3.1.3
109 silly currentTree +-- hoek@2.16.3
109 silly currentTree +-- http-signature@0.11.0
109 silly currentTree +-- inflight@1.0.4
109 silly currentTree +-- inherits@2.0.1
109 silly currentTree +-- irc-message@3.0.1
109 silly currentTree +-- irc-prefix-parser@1.0.1
109 silly currentTree +-- is-my-json-valid@2.13.1
109 silly currentTree +-- is-property@1.0.2
109 silly currentTree +-- isarray@0.0.1
109 silly currentTree +-- iso8601-convert@1.0.0
109 silly currentTree +-- isstream@0.1.2
109 silly currentTree +-- json-stringify-safe@5.0.1
109 silly currentTree +-- jsonfile@2.3.0
109 silly currentTree +-- jsonpointer@2.0.0
109 silly currentTree +-- locallydb@0.0.9
109 silly currentTree | `-- underscore@1.8.3
109 silly currentTree +-- mime-db@1.22.0
109 silly currentTree +-- mime-types@2.1.10
109 silly currentTree +-- minimatch@3.0.0
109 silly currentTree +-- minimist@0.0.8
109 silly currentTree +-- mkdirp@0.5.1
109 silly currentTree +-- moment-timezone@0.3.1
109 silly currentTree +-- moment@2.13.0
109 silly currentTree +-- mv@2.1.1
109 silly currentTree +-- nan@2.2.1
109 silly currentTree +-- ncp@2.0.0
109 silly currentTree +-- node-uuid@1.4.7
109 silly currentTree +-- oauth-sign@0.8.1
109 silly currentTree +-- once@1.3.3
109 silly currentTree +-- options@0.0.6
109 silly currentTree +-- path-is-absolute@1.0.0
109 silly currentTree +-- process-nextick-args@1.0.6
109 silly currentTree +-- qs@4.0.0
109 silly currentTree +-- readable-stream@1.0.34
109 silly currentTree +-- request@2.60.0
109 silly currentTree +-- rimraf@2.4.5
109 silly currentTree +-- safe-json-stringify@1.0.3
109 silly currentTree +-- sntp@1.0.9
109 silly currentTree +-- string_decoder@0.10.31
109 silly currentTree +-- stringstream@0.0.5
109 silly currentTree +-- strip-ansi@3.0.1
109 silly currentTree +-- supports-color@2.0.0
109 silly currentTree +-- through2@0.6.5
109 silly currentTree +-- tmi.js@0.0.29
109 silly currentTree +-- tough-cookie@2.2.2
109 silly currentTree +-- tunnel-agent@0.4.2
109 silly currentTree +-- ultron@1.0.2
109 silly currentTree +-- underscore.string@3.1.1
109 silly currentTree +-- underscore@1.8.3
109 silly currentTree +-- util-deprecate@1.0.2
109 silly currentTree +-- wrappy@1.0.1
109 silly currentTree +-- ws@1.1.0
109 silly currentTree `-- xtend@4.0.1
110 silly idealTree dastybot@1.0.0
110 silly idealTree +-- ansi-regex@2.0.0
110 silly idealTree +-- ansi-styles@2.2.1
110 silly idealTree +-- asn1@0.1.11
110 silly idealTree +-- assert-plus@0.1.5
110 silly idealTree +-- async@1.5.2
110 silly idealTree +-- aws-sign2@0.5.0
110 silly idealTree +-- balanced-match@0.3.0
110 silly idealTree +-- bindings@1.2.1
110 silly idealTree +-- bl@1.0.3
110 silly idealTree | +-- isarray@1.0.0
110 silly idealTree | `-- readable-stream@2.0.6
110 silly idealTree +-- bluebird@2.10.2
110 silly idealTree +-- boom@2.10.1
110 silly idealTree +-- brace-expansion@1.1.3
110 silly idealTree +-- bunyan@1.7.1
110 silly idealTree +-- caseless@0.11.0
110 silly idealTree +-- chalk@1.1.3
110 silly idealTree +-- combined-stream@1.0.5
110 silly idealTree +-- commander@2.9.0
110 silly idealTree +-- concat-map@0.0.1
110 silly idealTree +-- core-util-is@1.0.2
110 silly idealTree +-- cron@1.0.9
110 silly idealTree +-- cryptiles@2.0.5
110 silly idealTree +-- ctype@0.5.3
110 silly idealTree +-- delayed-stream@1.0.0
110 silly idealTree +-- dtrace-provider@0.6.0
110 silly idealTree +-- escape-string-regexp@1.0.5
110 silly idealTree +-- extend@3.0.0
110 silly idealTree +-- forever-agent@0.6.1
110 silly idealTree +-- form-data@1.0.0-rc4
110 silly idealTree +-- generate-function@2.0.0
110 silly idealTree +-- generate-object-property@1.2.0
110 silly idealTree +-- glob@6.0.4
110 silly idealTree +-- graceful-readlink@1.0.1
110 silly idealTree +-- har-validator@1.8.0
110 silly idealTree +-- has-ansi@2.0.0
110 silly idealTree +-- hawk@3.1.3
110 silly idealTree +-- hoek@2.16.3
110 silly idealTree +-- http-signature@0.11.0
110 silly idealTree +-- inflight@1.0.4
110 silly idealTree +-- inherits@2.0.1
110 silly idealTree +-- irc-message@3.0.1
110 silly idealTree +-- irc-prefix-parser@1.0.1
110 silly idealTree +-- is-my-json-valid@2.13.1
110 silly idealTree +-- is-property@1.0.2
110 silly idealTree +-- isarray@0.0.1
110 silly idealTree +-- iso8601-convert@1.0.0
110 silly idealTree +-- isstream@0.1.2
110 silly idealTree +-- json-stringify-safe@5.0.1
110 silly idealTree +-- jsonfile@2.3.0
110 silly idealTree +-- jsonpointer@2.0.0
110 silly idealTree +-- locallydb@0.0.9
110 silly idealTree | `-- underscore@1.8.3
110 silly idealTree +-- mime-db@1.22.0
110 silly idealTree +-- mime-types@2.1.10
110 silly idealTree +-- minimatch@3.0.0
110 silly idealTree +-- minimist@0.0.8
110 silly idealTree +-- mkdirp@0.5.1
110 silly idealTree +-- moment-timezone@0.3.1
110 silly idealTree +-- moment@2.13.0
110 silly idealTree +-- mv@2.1.1
110 silly idealTree +-- nan@2.2.1
110 silly idealTree +-- ncp@2.0.0
110 silly idealTree +-- node-uuid@1.4.7
110 silly idealTree +-- oauth-sign@0.8.1
110 silly idealTree +-- once@1.3.3
110 silly idealTree +-- options@0.0.6
110 silly idealTree +-- path-is-absolute@1.0.0
110 silly idealTree +-- process-nextick-args@1.0.6
110 silly idealTree +-- qs@4.0.0
110 silly idealTree +-- readable-stream@1.0.34
110 silly idealTree +-- request@2.60.0
110 silly idealTree +-- rimraf@2.4.5
110 silly idealTree +-- safe-json-stringify@1.0.3
110 silly idealTree +-- sntp@1.0.9
110 silly idealTree +-- string_decoder@0.10.31
110 silly idealTree +-- stringstream@0.0.5
110 silly idealTree +-- strip-ansi@3.0.1
110 silly idealTree +-- supports-color@2.0.0
110 silly idealTree +-- through2@0.6.5
110 silly idealTree +-- tmi.js@0.0.29
110 silly idealTree +-- tough-cookie@2.2.2
110 silly idealTree +-- tunnel-agent@0.4.2
110 silly idealTree +-- ultron@1.0.2
110 silly idealTree +-- underscore.string@3.1.1
110 silly idealTree +-- underscore@1.8.3
110 silly idealTree +-- util-deprecate@1.0.2
110 silly idealTree +-- wrappy@1.0.1
110 silly idealTree +-- ws@1.1.0
110 silly idealTree +-- xtend@4.0.1
110 silly idealTree `-- zmq@2.15.2
110 silly idealTree   `-- nan@2.3.3
111 silly generateActionsToTake Starting
112 silly install generateActionsToTake
113 silly generateActionsToTake Finishing
114 silly diffTrees action count 3
115 silly diffTrees add bindings@1.2.1
116 silly diffTrees add nan@2.3.3
117 silly diffTrees add zmq@2.15.2
118 silly decomposeActions action count 24
119 silly decomposeActions fetch bindings@1.2.1
120 silly decomposeActions extract bindings@1.2.1
121 silly decomposeActions test bindings@1.2.1
122 silly decomposeActions preinstall bindings@1.2.1
123 silly decomposeActions build bindings@1.2.1
124 silly decomposeActions install bindings@1.2.1
125 silly decomposeActions postinstall bindings@1.2.1
126 silly decomposeActions finalize bindings@1.2.1
127 silly decomposeActions fetch nan@2.3.3
128 silly decomposeActions extract nan@2.3.3
129 silly decomposeActions test nan@2.3.3
130 silly decomposeActions preinstall nan@2.3.3
131 silly decomposeActions build nan@2.3.3
132 silly decomposeActions install nan@2.3.3
133 silly decomposeActions postinstall nan@2.3.3
134 silly decomposeActions finalize nan@2.3.3
135 silly decomposeActions fetch zmq@2.15.2
136 silly decomposeActions extract zmq@2.15.2
137 silly decomposeActions test zmq@2.15.2
138 silly decomposeActions preinstall zmq@2.15.2
139 silly decomposeActions build zmq@2.15.2
140 silly decomposeActions install zmq@2.15.2
141 silly decomposeActions postinstall zmq@2.15.2
142 silly decomposeActions finalize zmq@2.15.2
143 silly executeActions Starting
144 silly install executeActions
145 silly doSerial global-install 0
146 silly doParallel fetch 3
147 verbose correctMkdir C:\Users\patrick.rice\AppData\Roaming\npm-cache\_locks correctMkdir not in flight; initializing
148 verbose lock using C:\Users\patrick.rice\AppData\Roaming\npm-cache\_locks\staging-0624f6c860482789.lock for C:\Users\patrick.rice\Desktop\DastyBot\node_modules\.staging
149 silly doParallel extract 3
150 silly extract bindings@1.2.1
151 silly extract nan@2.3.3
152 silly extract zmq@2.15.2
153 verbose unbuild node_modules\.staging\nan-7dbe692d
154 verbose unbuild node_modules\.staging\bindings-9bb01739
155 verbose unbuild node_modules\.staging\zmq-0efd1832
156 silly gentlyRm C:\Users\patrick.rice\Desktop\DastyBot\node_modules\.staging\nan-7dbe692d is being purged from base C:\Users\patrick.rice\Desktop\DastyBot
157 verbose gentlyRm don't care about contents; nuking C:\Users\patrick.rice\Desktop\DastyBot\node_modules\.staging\nan-7dbe692d
158 silly gentlyRm C:\Users\patrick.rice\Desktop\DastyBot\node_modules\.staging\bindings-9bb01739 is being purged from base C:\Users\patrick.rice\Desktop\DastyBot
159 verbose gentlyRm don't care about contents; nuking C:\Users\patrick.rice\Desktop\DastyBot\node_modules\.staging\bindings-9bb01739
160 verbose tar unpack C:\Users\patrick.rice\AppData\Roaming\npm-cache\nan\2.3.3\package.tgz
161 verbose tar unpacking to C:\Users\patrick.rice\Desktop\DastyBot\node_modules\.staging\nan-7dbe692d
162 silly gentlyRm C:\Users\patrick.rice\Desktop\DastyBot\node_modules\.staging\nan-7dbe692d is being purged
163 verbose gentlyRm don't care about contents; nuking C:\Users\patrick.rice\Desktop\DastyBot\node_modules\.staging\nan-7dbe692d
164 silly gentlyRm C:\Users\patrick.rice\Desktop\DastyBot\node_modules\.staging\zmq-0efd1832 is being purged from base C:\Users\patrick.rice\Desktop\DastyBot
165 verbose gentlyRm don't care about contents; nuking C:\Users\patrick.rice\Desktop\DastyBot\node_modules\.staging\zmq-0efd1832
166 verbose tar unpack C:\Users\patrick.rice\AppData\Roaming\npm-cache\bindings\1.2.1\package.tgz
167 verbose tar unpacking to C:\Users\patrick.rice\Desktop\DastyBot\node_modules\.staging\bindings-9bb01739
168 silly gentlyRm C:\Users\patrick.rice\Desktop\DastyBot\node_modules\.staging\bindings-9bb01739 is being purged
169 verbose gentlyRm don't care about contents; nuking C:\Users\patrick.rice\Desktop\DastyBot\node_modules\.staging\bindings-9bb01739
170 silly gunzTarPerm modes [ '777', '666' ]
171 verbose tar unpack C:\Users\patrick.rice\AppData\Roaming\npm-cache\zmq\2.15.2\package.tgz
172 verbose tar unpacking to C:\Users\patrick.rice\Desktop\DastyBot\node_modules\.staging\zmq-0efd1832
173 silly gentlyRm C:\Users\patrick.rice\Desktop\DastyBot\node_modules\.staging\zmq-0efd1832 is being purged
174 verbose gentlyRm don't care about contents; nuking C:\Users\patrick.rice\Desktop\DastyBot\node_modules\.staging\zmq-0efd1832
175 silly gunzTarPerm modes [ '777', '666' ]
176 silly gunzTarPerm modes [ '777', '666' ]
177 silly gunzTarPerm extractEntry package.json
178 silly gunzTarPerm modified mode [ 'package.json', 436, 438 ]
179 silly gunzTarPerm extractEntry package.json
180 silly gunzTarPerm modified mode [ 'package.json', 420, 438 ]
181 silly gunzTarPerm extractEntry package.json
182 silly gunzTarPerm modified mode [ 'package.json', 420, 438 ]
183 silly gunzTarPerm extractEntry README.md
184 silly gunzTarPerm modified mode [ 'README.md', 436, 438 ]
185 silly gunzTarPerm extractEntry README.md
186 silly gunzTarPerm modified mode [ 'README.md', 420, 438 ]
187 silly gunzTarPerm extractEntry bindings.js
188 silly gunzTarPerm modified mode [ 'bindings.js', 420, 438 ]
189 silly gunzTarPerm extractEntry .npmignore
190 silly gunzTarPerm modified mode [ '.npmignore', 420, 438 ]
191 silly gunzTarPerm extractEntry README.md
192 silly gunzTarPerm modified mode [ 'README.md', 420, 438 ]
193 silly gunzTarPerm extractEntry include_dirs.js
194 silly gunzTarPerm modified mode [ 'include_dirs.js', 436, 438 ]
195 silly gunzTarPerm extractEntry nan_converters.h
196 silly gunzTarPerm modified mode [ 'nan_converters.h', 436, 438 ]
197 silly gunzTarPerm extractEntry LICENSE.md
198 silly gunzTarPerm modified mode [ 'LICENSE.md', 436, 438 ]
199 silly gunzTarPerm extractEntry doc/node_misc.md
200 silly gunzTarPerm modified mode [ 'doc/node_misc.md', 436, 438 ]
201 silly gunzTarPerm extractEntry LICENSE
202 silly gunzTarPerm modified mode [ 'LICENSE', 420, 438 ]
203 silly gunzTarPerm extractEntry index.js
204 silly gunzTarPerm modified mode [ 'index.js', 420, 438 ]
205 silly gunzTarPerm extractEntry doc/asyncworker.md
206 silly gunzTarPerm modified mode [ 'doc/asyncworker.md', 436, 438 ]
207 silly gunzTarPerm extractEntry binding.gyp
208 silly gunzTarPerm modified mode [ 'binding.gyp', 420, 438 ]
209 silly gunzTarPerm extractEntry Makefile
210 silly gunzTarPerm modified mode [ 'Makefile', 420, 438 ]
211 silly gunzTarPerm extractEntry .travis.yml
212 silly gunzTarPerm modified mode [ '.travis.yml', 420, 438 ]
213 silly gunzTarPerm extractEntry appveyor.yml
214 silly gunzTarPerm modified mode [ 'appveyor.yml', 420, 438 ]
215 silly gunzTarPerm extractEntry doc/callback.md
216 silly gunzTarPerm modified mode [ 'doc/callback.md', 436, 438 ]
217 silly gunzTarPerm extractEntry doc/converters.md
218 silly gunzTarPerm modified mode [ 'doc/converters.md', 436, 438 ]
219 silly gunzTarPerm extractEntry binding.cc
220 silly gunzTarPerm modified mode [ 'binding.cc', 420, 438 ]
221 silly gunzTarPerm extractEntry examples/dealer_router.js
222 silly gunzTarPerm modified mode [ 'examples/dealer_router.js', 420, 438 ]
223 silly gentlyRm C:\Users\patrick.rice\Desktop\DastyBot\node_modules\.staging\bindings-9bb01739\node_modules is being purged
224 verbose gentlyRm don't care about contents; nuking C:\Users\patrick.rice\Desktop\DastyBot\node_modules\.staging\bindings-9bb01739\node_modules
225 silly gunzTarPerm extractEntry examples/pub_sub.js
226 silly gunzTarPerm modified mode [ 'examples/pub_sub.js', 420, 438 ]
227 silly gunzTarPerm extractEntry examples/push_pull.js
228 silly gunzTarPerm modified mode [ 'examples/push_pull.js', 420, 438 ]
229 silly gunzTarPerm extractEntry doc/errors.md
230 silly gunzTarPerm modified mode [ 'doc/errors.md', 436, 438 ]
231 silly gunzTarPerm extractEntry doc/maybe_types.md
232 silly gunzTarPerm modified mode [ 'doc/maybe_types.md', 436, 438 ]
233 silly gunzTarPerm extractEntry examples/rep_req.js
234 silly gunzTarPerm modified mode [ 'examples/rep_req.js', 420, 438 ]
235 silly gunzTarPerm extractEntry examples/req_rep.js
236 silly gunzTarPerm modified mode [ 'examples/req_rep.js', 420, 438 ]
237 silly gunzTarPerm extractEntry doc/methods.md
238 silly gunzTarPerm modified mode [ 'doc/methods.md', 436, 438 ]
239 silly gunzTarPerm extractEntry doc/new.md
240 silly gunzTarPerm modified mode [ 'doc/new.md', 436, 438 ]
241 silly gunzTarPerm extractEntry examples/router_dealer.js
242 silly gunzTarPerm modified mode [ 'examples/router_dealer.js', 420, 438 ]
243 silly gunzTarPerm extractEntry examples/rpc.js
244 silly gunzTarPerm modified mode [ 'examples/rpc.js', 420, 438 ]
245 silly gunzTarPerm extractEntry doc/buffers.md
246 silly gunzTarPerm modified mode [ 'doc/buffers.md', 436, 438 ]
247 silly gunzTarPerm extractEntry doc/object_wrappers.md
248 silly gunzTarPerm modified mode [ 'doc/object_wrappers.md', 436, 438 ]
249 silly gunzTarPerm extractEntry examples/devices/forwarder.js
250 silly gunzTarPerm modified mode [ 'examples/devices/forwarder.js', 420, 438 ]
251 silly gunzTarPerm extractEntry examples/devices/queue.js
252 silly gunzTarPerm modified mode [ 'examples/devices/queue.js', 420, 438 ]
253 silly gunzTarPerm extractEntry examples/devices/streamer.js
254 silly gunzTarPerm modified mode [ 'examples/devices/streamer.js', 420, 438 ]
255 silly gunzTarPerm extractEntry examples/workers/producer.js
256 silly gunzTarPerm modified mode [ 'examples/workers/producer.js', 420, 438 ]
257 silly gunzTarPerm extractEntry examples/workers/worker.js
258 silly gunzTarPerm modified mode [ 'examples/workers/worker.js', 420, 438 ]
259 silly gunzTarPerm extractEntry History.md
260 silly gunzTarPerm modified mode [ 'History.md', 420, 438 ]
261 silly gunzTarPerm extractEntry doc/persistent.md
262 silly gunzTarPerm modified mode [ 'doc/persistent.md', 436, 438 ]
263 silly gunzTarPerm extractEntry doc/scopes.md
264 silly gunzTarPerm modified mode [ 'doc/scopes.md', 436, 438 ]
265 silly gunzTarPerm extractEntry lib/index.js
266 silly gunzTarPerm modified mode [ 'lib/index.js', 420, 438 ]
267 silly gunzTarPerm extractEntry test/context.js
268 silly gunzTarPerm modified mode [ 'test/context.js', 420, 438 ]
269 silly gunzTarPerm extractEntry test/socket.monitor.js
270 silly gunzTarPerm modified mode [ 'test/socket.monitor.js', 420, 438 ]
271 silly gunzTarPerm extractEntry test/socket.pair.js
272 silly gunzTarPerm modified mode [ 'test/socket.pair.js', 420, 438 ]
273 silly gunzTarPerm extractEntry test/socket.pub-sub.js
274 silly gunzTarPerm modified mode [ 'test/socket.pub-sub.js', 420, 438 ]
275 silly gunzTarPerm extractEntry doc/script.md
276 silly gunzTarPerm modified mode [ 'doc/script.md', 436, 438 ]
277 silly gunzTarPerm extractEntry doc/string_bytes.md
278 silly gunzTarPerm modified mode [ 'doc/string_bytes.md', 436, 438 ]
279 silly gunzTarPerm extractEntry doc/v8_internals.md
280 silly gunzTarPerm modified mode [ 'doc/v8_internals.md', 436, 438 ]
281 silly gunzTarPerm extractEntry doc/v8_misc.md
282 silly gunzTarPerm modified mode [ 'doc/v8_misc.md', 436, 438 ]
283 silly gunzTarPerm extractEntry nan.h
284 silly gunzTarPerm modified mode [ 'nan.h', 436, 438 ]
285 silly gunzTarPerm extractEntry nan_callbacks.h
286 silly gunzTarPerm modified mode [ 'nan_callbacks.h', 436, 438 ]
287 silly gunzTarPerm extractEntry nan_callbacks_12_inl.h
288 silly gunzTarPerm modified mode [ 'nan_callbacks_12_inl.h', 436, 438 ]
289 silly gunzTarPerm extractEntry nan_callbacks_pre_12_inl.h
290 silly gunzTarPerm modified mode [ 'nan_callbacks_pre_12_inl.h', 436, 438 ]
291 silly gunzTarPerm extractEntry nan_converters_43_inl.h
292 silly gunzTarPerm modified mode [ 'nan_converters_43_inl.h', 436, 438 ]
293 silly gunzTarPerm extractEntry nan_converters_pre_43_inl.h
294 silly gunzTarPerm modified mode [ 'nan_converters_pre_43_inl.h', 436, 438 ]
295 silly gunzTarPerm extractEntry nan_implementation_12_inl.h
296 silly gunzTarPerm modified mode [ 'nan_implementation_12_inl.h', 436, 438 ]
297 silly gunzTarPerm extractEntry nan_implementation_pre_12_inl.h
298 silly gunzTarPerm modified mode [ 'nan_implementation_pre_12_inl.h', 436, 438 ]
299 silly gunzTarPerm extractEntry nan_maybe_43_inl.h
300 silly gunzTarPerm modified mode [ 'nan_maybe_43_inl.h', 436, 438 ]
301 silly gunzTarPerm extractEntry nan_maybe_pre_43_inl.h
302 silly gunzTarPerm modified mode [ 'nan_maybe_pre_43_inl.h', 436, 438 ]
303 silly gunzTarPerm extractEntry nan_new.h
304 silly gunzTarPerm modified mode [ 'nan_new.h', 436, 438 ]
305 silly gunzTarPerm extractEntry nan_object_wrap.h
306 silly gunzTarPerm modified mode [ 'nan_object_wrap.h', 436, 438 ]
307 silly gunzTarPerm extractEntry nan_persistent_12_inl.h
308 silly gunzTarPerm modified mode [ 'nan_persistent_12_inl.h', 436, 438 ]
309 silly gunzTarPerm extractEntry nan_persistent_pre_12_inl.h
310 silly gunzTarPerm modified mode [ 'nan_persistent_pre_12_inl.h', 436, 438 ]
311 silly gunzTarPerm extractEntry nan_string_bytes.h
312 silly gunzTarPerm modified mode [ 'nan_string_bytes.h', 436, 438 ]
313 silly gunzTarPerm extractEntry nan_typedarray_contents.h
314 silly gunzTarPerm modified mode [ 'nan_typedarray_contents.h', 436, 438 ]
315 silly gunzTarPerm extractEntry nan_weak.h
316 silly gunzTarPerm modified mode [ 'nan_weak.h', 436, 438 ]
317 silly gunzTarPerm extractEntry CHANGELOG.md
318 silly gunzTarPerm modified mode [ 'CHANGELOG.md', 436, 438 ]
319 silly gunzTarPerm extractEntry tools/package.json
320 silly gunzTarPerm modified mode [ 'tools/package.json', 436, 438 ]
321 silly gunzTarPerm extractEntry tools/README.md
322 silly gunzTarPerm modified mode [ 'tools/README.md', 436, 438 ]
323 silly gunzTarPerm extractEntry tools/1to2.js
324 silly gunzTarPerm modified mode [ 'tools/1to2.js', 509, 511 ]
325 silly gunzTarPerm extractEntry test/socket.messages.js
326 silly gunzTarPerm modified mode [ 'test/socket.messages.js', 420, 438 ]
327 silly gunzTarPerm extractEntry test/exports.js
328 silly gunzTarPerm modified mode [ 'test/exports.js', 420, 438 ]
329 silly gunzTarPerm extractEntry test/socket.router.js
330 silly gunzTarPerm modified mode [ 'test/socket.router.js', 420, 438 ]
331 silly gunzTarPerm extractEntry test/socket.stream.js
332 silly gunzTarPerm modified mode [ 'test/socket.stream.js', 420, 438 ]
333 silly gunzTarPerm extractEntry test/socket.unbind.js
334 silly gunzTarPerm modified mode [ 'test/socket.unbind.js', 420, 438 ]
335 silly gunzTarPerm extractEntry test/socket.xpub-xsub.js
336 silly gunzTarPerm modified mode [ 'test/socket.xpub-xsub.js', 420, 438 ]
337 silly gunzTarPerm extractEntry test/socket.js
338 silly gunzTarPerm modified mode [ 'test/socket.js', 420, 438 ]
339 silly gunzTarPerm extractEntry test/socket.zap.js
340 silly gunzTarPerm modified mode [ 'test/socket.zap.js', 420, 438 ]
341 silly gunzTarPerm extractEntry test/socket.events.js
342 silly gunzTarPerm modified mode [ 'test/socket.events.js', 420, 438 ]
343 silly gunzTarPerm extractEntry test/zap.js
344 silly gunzTarPerm modified mode [ 'test/zap.js', 420, 438 ]
345 silly gunzTarPerm extractEntry test/socket.error-callback.js
346 silly gunzTarPerm modified mode [ 'test/socket.error-callback.js', 420, 438 ]
347 silly gunzTarPerm extractEntry test/zmq_proxy.js
348 silly gunzTarPerm modified mode [ 'test/zmq_proxy.js', 420, 438 ]
349 silly gunzTarPerm extractEntry test/zmq_proxy.xpub-xsub.js
350 silly gunzTarPerm modified mode [ 'test/zmq_proxy.xpub-xsub.js', 420, 438 ]
351 silly gunzTarPerm extractEntry test/zmq_proxy.push-pull.js
352 silly gunzTarPerm modified mode [ 'test/zmq_proxy.push-pull.js', 420, 438 ]
353 silly gunzTarPerm extractEntry test/gc.js
354 silly gunzTarPerm modified mode [ 'test/gc.js', 420, 438 ]
355 silly gunzTarPerm extractEntry test/zmq_proxy.router-dealer.js
356 silly gunzTarPerm modified mode [ 'test/zmq_proxy.router-dealer.js', 420, 438 ]
357 silly gunzTarPerm extractEntry test/socket.push-pull.js
358 silly gunzTarPerm modified mode [ 'test/socket.push-pull.js', 420, 438 ]
359 silly gunzTarPerm extractEntry test/zmq_proxy.xrep-xreq.js
360 silly gunzTarPerm modified mode [ 'test/zmq_proxy.xrep-xreq.js', 420, 438 ]
361 silly gunzTarPerm extractEntry test/socket.req-rep.js
362 silly gunzTarPerm modified mode [ 'test/socket.req-rep.js', 420, 438 ]
363 silly gunzTarPerm extractEntry test/mocha.opts
364 silly gunzTarPerm modified mode [ 'test/mocha.opts', 420, 438 ]
365 silly gunzTarPerm extractEntry .editorconfig
366 silly gunzTarPerm modified mode [ '.editorconfig', 420, 438 ]
367 silly gunzTarPerm extractEntry perf/local_lat.js
368 silly gunzTarPerm modified mode [ 'perf/local_lat.js', 420, 438 ]
369 silly gunzTarPerm extractEntry perf/local_thr.js
370 silly gunzTarPerm modified mode [ 'perf/local_thr.js', 420, 438 ]
371 silly gunzTarPerm extractEntry perf/remote_lat.js
372 silly gunzTarPerm modified mode [ 'perf/remote_lat.js', 420, 438 ]
373 silly gunzTarPerm extractEntry perf/remote_thr.js
374 silly gunzTarPerm modified mode [ 'perf/remote_thr.js', 420, 438 ]
375 silly gunzTarPerm extractEntry windows/include/zmq.h
376 silly gunzTarPerm modified mode [ 'windows/include/zmq.h', 420, 438 ]
377 silly gunzTarPerm extractEntry windows/include/zmq_utils.h
378 silly gunzTarPerm modified mode [ 'windows/include/zmq_utils.h', 420, 438 ]
379 silly gunzTarPerm extractEntry windows/lib/x64/libzmq-v100-mt-4_0_4.dll
380 silly gunzTarPerm modified mode [ 'windows/lib/x64/libzmq-v100-mt-4_0_4.dll', 420, 438 ]
381 silly gunzTarPerm extractEntry windows/lib/x64/libzmq-v100-mt-4_0_4.lib
382 silly gunzTarPerm modified mode [ 'windows/lib/x64/libzmq-v100-mt-4_0_4.lib', 420, 438 ]
383 silly gunzTarPerm extractEntry windows/lib/x86/libzmq-v100-mt-4_0_4.dll
384 silly gunzTarPerm modified mode [ 'windows/lib/x86/libzmq-v100-mt-4_0_4.dll', 420, 438 ]
385 silly gunzTarPerm extractEntry windows/lib/x86/libzmq-v100-mt-4_0_4.lib
386 silly gunzTarPerm modified mode [ 'windows/lib/x86/libzmq-v100-mt-4_0_4.lib', 420, 438 ]
387 silly gentlyRm C:\Users\patrick.rice\Desktop\DastyBot\node_modules\.staging\nan-7dbe692d\node_modules is being purged
388 verbose gentlyRm don't care about contents; nuking C:\Users\patrick.rice\Desktop\DastyBot\node_modules\.staging\nan-7dbe692d\node_modules
389 silly gentlyRm C:\Users\patrick.rice\Desktop\DastyBot\node_modules\.staging\zmq-0efd1832\node_modules is being purged
390 verbose gentlyRm don't care about contents; nuking C:\Users\patrick.rice\Desktop\DastyBot\node_modules\.staging\zmq-0efd1832\node_modules
391 silly doParallel preinstall 3
392 silly preinstall bindings@1.2.1 C:\Users\patrick.rice\Desktop\DastyBot\node_modules\.staging\bindings-9bb01739
393 info lifecycle bindings@1.2.1~preinstall: bindings@1.2.1
394 silly preinstall nan@2.3.3 C:\Users\patrick.rice\Desktop\DastyBot\node_modules\.staging\nan-7dbe692d
395 info lifecycle nan@2.3.3~preinstall: nan@2.3.3
396 silly preinstall zmq@2.15.2 C:\Users\patrick.rice\Desktop\DastyBot\node_modules\.staging\zmq-0efd1832
397 info lifecycle zmq@2.15.2~preinstall: zmq@2.15.2
398 silly lifecycle bindings@1.2.1~preinstall: no script for preinstall, continuing
399 silly lifecycle nan@2.3.3~preinstall: no script for preinstall, continuing
400 silly lifecycle zmq@2.15.2~preinstall: no script for preinstall, continuing
401 silly doReverseSerial remove 0
402 silly doSerial move 0
403 silly doSerial finalize 3
404 silly finalize C:\Users\patrick.rice\Desktop\DastyBot\node_modules\bindings
405 silly finalize C:\Users\patrick.rice\Desktop\DastyBot\node_modules\zmq\node_modules\nan
406 silly finalize C:\Users\patrick.rice\Desktop\DastyBot\node_modules\zmq
407 silly doSerial build 3
408 silly build bindings@1.2.1
409 info linkStuff bindings@1.2.1
410 silly linkStuff bindings@1.2.1 has C:\Users\patrick.rice\Desktop\DastyBot\node_modules as its parent node_modules
411 verbose linkBins bindings@1.2.1
412 verbose linkMans bindings@1.2.1
413 silly build nan@2.3.3
414 info linkStuff nan@2.3.3
415 silly linkStuff nan@2.3.3 has C:\Users\patrick.rice\Desktop\DastyBot\node_modules\zmq\node_modules as its parent node_modules
416 verbose linkBins nan@2.3.3
417 verbose linkMans nan@2.3.3
418 silly build zmq@2.15.2
419 info linkStuff zmq@2.15.2
420 silly linkStuff zmq@2.15.2 has C:\Users\patrick.rice\Desktop\DastyBot\node_modules as its parent node_modules
421 verbose linkBins zmq@2.15.2
422 verbose linkMans zmq@2.15.2
423 silly doSerial global-link 0
424 silly doParallel update-linked 0
425 silly doSerial install 3
426 silly install bindings@1.2.1 C:\Users\patrick.rice\Desktop\DastyBot\node_modules\.staging\bindings-9bb01739
427 info lifecycle bindings@1.2.1~install: bindings@1.2.1
428 silly lifecycle bindings@1.2.1~install: no script for install, continuing
429 silly install nan@2.3.3 C:\Users\patrick.rice\Desktop\DastyBot\node_modules\.staging\nan-7dbe692d
430 info lifecycle nan@2.3.3~install: nan@2.3.3
431 silly lifecycle nan@2.3.3~install: no script for install, continuing
432 silly install zmq@2.15.2 C:\Users\patrick.rice\Desktop\DastyBot\node_modules\.staging\zmq-0efd1832
433 info lifecycle zmq@2.15.2~install: zmq@2.15.2
434 verbose lifecycle zmq@2.15.2~install: unsafe-perm in lifecycle true
435 verbose lifecycle zmq@2.15.2~install: PATH: C:\Program Files\nodejs\node_modules\npm\bin\node-gyp-bin;C:\Users\patrick.rice\Desktop\DastyBot\node_modules\zmq\node_modules\.bin;C:\Users\patrick.rice\Desktop\DastyBot\node_modules\.bin;C:\Program Files\nodejs;C:\Users\patrick.rice\bin;C:\Program Files\Git\mingw64\bin;C:\Program Files\Git\usr\local\bin;C:\Program Files\Git\usr\bin;C:\Program Files\Git\usr\bin;C:\Program Files\Git\mingw64\bin;C:\Program Files\Git\usr\bin;C:\Users\patrick.rice\bin;C:\Program Files\Common Files\Microsoft Shared\Windows Live;C:\Program Files (x86)\Common Files\Microsoft Shared\Windows Live;C:\Program Files (x86)\AMD APP\bin\x86_64;C:\Program Files (x86)\AMD APP\bin\x86;C:\Program Files (x86)\Intel\iCLS Client;C:\Program Files\Intel\iCLS Client;C:\Windows\system32;C:\Windows;C:\Windows\System32\Wbem;C:\Windows\System32\WindowsPowerShell\v1.0;C:\Program Files (x86)\ATI Technologies\ATI.ACE\Core-Static;C:\Program Files (x86)\Windows Live\Shared;C:\Program Files (x86)\Microsoft SQL Server\100\Tools\Binn;C:\Program Files\Microsoft SQL Server\100\Tools\Binn;C:\Program Files\Microsoft SQL Server\100\DTS\Binn;C:\Program Files (x86)\Microsoft ASP.NET\ASP.NET Web Pages\v1.0;C:\Program Files\Microsoft SQL Server\110\Tools\Binn;C:\Program Files (x86)\Microsoft SQL Server\100\Tools\Binn\VSShell\Common7\IDE;C:\Program Files (x86)\Microsoft Visual Studio 9.0\Common7\IDE\PrivateAssemblies;C:\Program Files (x86)\Microsoft SQL Server\100\DTS\Binn;C:\Program Files (x86)\Windows Kits\8.1\Windows Performance Toolkit;C:\Program Files\Microsoft\Web Platform Installer;C:\Program Files\Microsoft SQL Server\120\Tools\Binn;C:\Program Files (x86)\Microsoft SDKs\TypeScript\1.0;C:\Windows\system32\config\systemprofile\.dnx\bin;C:\Program Files\Microsoft DNX\Dnvm;C:\Program Files\Intel\Intel(R) Management Engine Components\DAL;C:\Program Files (x86)\Intel\Intel(R) Management Engine Components\DAL;C:\Program Files\Intel\Intel(R) Management Engine Components\IPT;C:\Program Files (x86)\Intel\Intel(R) Management Engine Components\IPT;C:\Program Files (x86)\Skype\Phone;C:\Program Files\nodejs;C:\Users\patrick.rice\AppData\Roaming\npm;C:\Program Files\Git\usr\bin\vendor_perl;C:\Program Files\Git\usr\bin\core_perl
436 verbose lifecycle zmq@2.15.2~install: CWD: C:\Users\patrick.rice\Desktop\DastyBot\node_modules\zmq
437 silly lifecycle zmq@2.15.2~install: Args: [ '/d /s /c', 'node-gyp rebuild' ]
438 silly lifecycle zmq@2.15.2~install: Returned: code: 1  signal: null
439 info lifecycle zmq@2.15.2~install: Failed to exec install script
440 verbose unlock done using C:\Users\patrick.rice\AppData\Roaming\npm-cache\_locks\staging-0624f6c860482789.lock for C:\Users\patrick.rice\Desktop\DastyBot\node_modules\.staging
441 silly rollbackFailedOptional Starting
442 silly rollbackFailedOptional Finishing
443 silly runTopLevelLifecycles Starting
444 silly runTopLevelLifecycles Finishing
445 silly install printInstalled
446 warn dastybot@1.0.0 No repository field.
447 verbose stack Error: zmq@2.15.2 install: `node-gyp rebuild`
447 verbose stack Exit status 1
447 verbose stack     at EventEmitter.<anonymous> (C:\Program Files\nodejs\node_modules\npm\lib\utils\lifecycle.js:239:16)
447 verbose stack     at emitTwo (events.js:100:13)
447 verbose stack     at EventEmitter.emit (events.js:185:7)
447 verbose stack     at ChildProcess.<anonymous> (C:\Program Files\nodejs\node_modules\npm\lib\utils\spawn.js:24:14)
447 verbose stack     at emitTwo (events.js:100:13)
447 verbose stack     at ChildProcess.emit (events.js:185:7)
447 verbose stack     at maybeClose (internal/child_process.js:850:16)
447 verbose stack     at Process.ChildProcess._handle.onexit (internal/child_process.js:215:5)
448 verbose pkgid zmq@2.15.2
449 verbose cwd C:\Users\patrick.rice\Desktop\DastyBot
450 error Windows_NT 6.1.7601
451 error argv "C:\\Program Files\\nodejs\\node.exe" "C:\\Program Files\\nodejs\\node_modules\\npm\\bin\\npm-cli.js" "install" "zmq"
452 error node v5.11.0
453 error npm  v3.8.6
454 error code ELIFECYCLE
455 error zmq@2.15.2 install: `node-gyp rebuild`
455 error Exit status 1
456 error Failed at the zmq@2.15.2 install script 'node-gyp rebuild'.
456 error Make sure you have the latest version of node.js and npm installed.
456 error If you do, this is most likely a problem with the zmq package,
456 error not with npm itself.
456 error Tell the author that this fails on your system:
456 error     node-gyp rebuild
456 error You can get information on how to open an issue for this project with:
456 error     npm bugs zmq
456 error Or if that isn't available, you can get their info via:
456 error     npm owner ls zmq
456 error There is likely additional logging output above.
457 verbose exit [ 1, true ]
